#
# A fatal error has been detected by the Java Runtime Environment:
#
#  EXCEPTION_ACCESS_VIOLATION (0xc0000005) at pc=0x00007ff82d662224, pid=8884, tid=8320
#
# JRE version: Java(TM) SE Runtime Environment (8.0_91-b15) (build 1.8.0_91-b15)
# Java VM: Java HotSpot(TM) 64-Bit Server VM (25.91-b15 mixed mode windows-amd64 compressed oops)
# Problematic frame:
# C  [OPENGL32.dll+0xe2224]
#
# Failed to write core dump. Minidumps are not enabled by default on client versions of Windows
#
# If you would like to submit a bug report, please visit:
#   http://bugreport.java.com/bugreport/crash.jsp
#

---------------  T H R E A D  ---------------

Current thread (0x0000000018f37000):  VMThread [stack: 0x0000000019fe0000,0x000000001a0e0000] [id=8320]

siginfo: ExceptionCode=0xc0000005, reading address 0x0000000000000a38

Registers:
RAX=0x0000000000000000, RBX=0x000000002eeb06b0, RCX=0x0000000000000001, RDX=0x000000002eeb06b8
RSP=0x000000001a0df2c8, RBP=0x0000000000000000, RSI=0x000000002684b120, RDI=0x000000002684b120
R8 =0x000000001a0df348, R9 =0x0000000018e45400, R10=0x0000000000000000, R11=0x0000000000000246
R12=0x0000000000000000, R13=0x0000000026846928, R14=0x00000000268467e0, R15=0x0000000000000000
RIP=0x00007ff82d662224, EFLAGS=0x0000000000010283

Top of Stack: (sp=0x000000001a0df2c8)
0x000000001a0df2c8:   00007ff82bda202b 00000000268467e0
0x000000001a0df2d8:   0000000026840000 0000000000000000
0x000000001a0df2e8:   00007ff85d540abd 0000000000000000
0x000000001a0df2f8:   00007ff82bda76c7 00000000268491c0
0x000000001a0df308:   0000000000000000 0000000026846910
0x000000001a0df318:   00007ff82bda6a33 fffffffffffffffe
0x000000001a0df328:   000000001a0df390 0000000000000000
0x000000001a0df338:   00007ff82bda7f79 000000002684b120
0x000000001a0df348:   000000002eeb4590 0000000018e45400
0x000000001a0df358:   00007ff82be16e30 fffffffffffffffe
0x000000001a0df368:   0000000026849600 0000000000000001
0x000000001a0df378:   0000000026846908 00000000268467e0
0x000000001a0df388:   00007ff82be1ef4d 00007ff82bf4c800
0x000000001a0df398:   00007ff82be85400 0000000018e45400
0x000000001a0df3a8:   00007ff85d540abd 0000000026846908
0x000000001a0df3b8:   00000000268467e0 00000000268467e0 

Instructions: (pc=0x00007ff82d662224)
0x00007ff82d662204:   cc cc cc cc cc cc 66 0f 1f 44 00 00 8b 05 f2 7d
0x00007ff82d662214:   01 00 83 f8 40 73 0f 65 48 8b 04 c5 80 14 00 00
0x00007ff82d662224:   ff a0 38 0a 00 00 b8 47 01 00 00 e9 ec d4 ff ff
0x00007ff82d662234:   cc cc cc cc cc cc 66 0f 1f 44 00 00 8b 05 c2 7d 


Register to memory mapping:

RAX=0x0000000000000000 is an unknown value
RBX=0x000000002eeb06b0 is an unknown value
RCX=0x0000000000000001 is an unknown value
RDX=0x000000002eeb06b8 is an unknown value
RSP=0x000000001a0df2c8 is an unknown value
RBP=0x0000000000000000 is an unknown value
RSI=0x000000002684b120 is an unknown value
RDI=0x000000002684b120 is an unknown value
R8 =0x000000001a0df348 is an unknown value
R9 =0x0000000018e45400 is an unknown value
R10=0x0000000000000000 is an unknown value
R11=0x0000000000000246 is an unknown value
R12=0x0000000000000000 is an unknown value
R13=0x0000000026846928 is an unknown value
R14=0x00000000268467e0 is an unknown value
R15=0x0000000000000000 is an unknown value


Stack: [0x0000000019fe0000,0x000000001a0e0000],  sp=0x000000001a0df2c8,  free space=1020k
Native frames: (J=compiled Java code, j=interpreted, Vv=VM code, C=native code)

VM_Operation (0x0000000000a5ef80): Exit, mode: safepoint, requested by thread 0x0000000002190800


---------------  P R O C E S S  ---------------

Java Threads: ( => current thread )
  0x000000002537e800 JavaThread "Java2D Disposer" daemon [_thread_blocked, id=9516, stack(0x0000000025b60000,0x0000000025c60000)]
  0x000000001a8dd000 JavaThread "Service Thread" daemon [_thread_blocked, id=10948, stack(0x000000001acc0000,0x000000001adc0000)]
  0x0000000018f76800 JavaThread "C1 CompilerThread2" daemon [_thread_blocked, id=1388, stack(0x000000001a7c0000,0x000000001a8c0000)]
  0x0000000018f70000 JavaThread "C2 CompilerThread1" daemon [_thread_blocked, id=10412, stack(0x000000001a6c0000,0x000000001a7c0000)]
  0x0000000018f6d000 JavaThread "C2 CompilerThread0" daemon [_thread_blocked, id=6816, stack(0x000000001a5c0000,0x000000001a6c0000)]
  0x0000000018f6b800 JavaThread "Attach Listener" daemon [_thread_blocked, id=2620, stack(0x000000001a4c0000,0x000000001a5c0000)]
  0x0000000018f6a000 JavaThread "Signal Dispatcher" daemon [_thread_blocked, id=10384, stack(0x000000001a3c0000,0x000000001a4c0000)]
  0x000000000228d000 JavaThread "Finalizer" daemon [_thread_blocked, id=6796, stack(0x000000001a1e0000,0x000000001a2e0000)]
  0x0000000002282800 JavaThread "Reference Handler" daemon [_thread_blocked, id=6396, stack(0x000000001a0e0000,0x000000001a1e0000)]
  0x0000000002190800 JavaThread "main" [_thread_blocked, id=10932, stack(0x0000000000960000,0x0000000000a60000)]

Other Threads:
=>0x0000000018f37000 VMThread [stack: 0x0000000019fe0000,0x000000001a0e0000] [id=8320]

VM state:at safepoint (shutting down)

VM Mutex/Monitor currently owned by a thread:  ([mutex/lock_event])
[0x00000000022cbfe0] Threads_lock - owner thread: 0x0000000018f37000

Heap:
 PSYoungGen      total 54784K, used 24168K [0x0000000782f00000, 0x0000000789a00000, 0x00000007c0000000)
  eden space 47104K, 35% used [0x0000000782f00000,0x0000000783f20a10,0x0000000785d00000)
  from space 7680K, 99% used [0x0000000785d00000,0x0000000786479820,0x0000000786480000)
  to   space 7680K, 0% used [0x0000000789280000,0x0000000789280000,0x0000000789a00000)
 ParOldGen       total 125952K, used 27758K [0x0000000708c00000, 0x0000000710700000, 0x0000000782f00000)
  object space 125952K, 22% used [0x0000000708c00000,0x000000070a71bbc8,0x0000000710700000)
 Metaspace       used 9306K, capacity 9445K, committed 9600K, reserved 1058816K
  class space    used 958K, capacity 1049K, committed 1152K, reserved 1048576K

Card table byte_map: [0x0000000011690000,0x0000000011c50000] byte_map_base: 0x000000000de4a000

Marking Bits: (ParMarkBitMap*) 0x0000000057482f70
 Begin Bits: [0x0000000012430000, 0x0000000015200000)
 End Bits:   [0x0000000015200000, 0x0000000017fd0000)

Polling page: 0x0000000000910000

CodeCache: size=245760Kb used=4369Kb max_used=4381Kb free=241390Kb
 bounds [0x00000000022d0000, 0x0000000002720000, 0x00000000112d0000]
 total_blobs=1587 nmethods=1061 adapters=440
 compilation: enabled

Compilation events (10 events):
Event: 30.388 Thread 0x0000000018f6d000 1057       4       sun.misc.FloatingDecimal$BinaryToASCIIBuffer::getChars (502 bytes)
Event: 30.396 Thread 0x0000000018f6d000 nmethod 1057 0x00000000026fd710 code [0x00000000026fd880, 0x00000000026fddc8]
Event: 56.714 Thread 0x0000000018f76800 1058 % !   3       org.newdawn.slick.AppGameContainer::start @ 9 (49 bytes)
Event: 56.716 Thread 0x0000000018f76800 nmethod 1058% 0x00000000026f87d0 code [0x00000000026f8a80, 0x00000000026f9cc8]
Event: 57.450 Thread 0x0000000018f76800 1059   !   3       org.newdawn.slick.AppGameContainer::start (49 bytes)
Event: 57.452 Thread 0x0000000018f76800 nmethod 1059 0x0000000002717ed0 code [0x0000000002718180, 0x0000000002719348]
Event: 86.559 Thread 0x0000000018f6d000 1060 % !   4       org.newdawn.slick.AppGameContainer::start @ 9 (49 bytes)
Event: 86.572 Thread 0x0000000018f6d000 nmethod 1060% 0x00000000026ff050 code [0x00000000026ff220, 0x00000000026ff940]
Event: 56142.125 Thread 0x0000000018f76800 1061       3       java.io.FilterInputStream::<init> (10 bytes)
Event: 56142.126 Thread 0x0000000018f76800 nmethod 1061 0x00000000026f8310 code [0x00000000026f8480, 0x00000000026f86d0]

GC Heap History (2 events):
Event: 1.675 GC heap before
{Heap before GC invocations=1 (full 0):
 PSYoungGen      total 54784K, used 47104K [0x0000000782f00000, 0x0000000786c00000, 0x00000007c0000000)
  eden space 47104K, 100% used [0x0000000782f00000,0x0000000785d00000,0x0000000785d00000)
  from space 7680K, 0% used [0x0000000786480000,0x0000000786480000,0x0000000786c00000)
  to   space 7680K, 0% used [0x0000000785d00000,0x0000000785d00000,0x0000000786480000)
 ParOldGen       total 125952K, used 0K [0x0000000708c00000, 0x0000000710700000, 0x0000000782f00000)
  object space 125952K, 0% used [0x0000000708c00000,0x0000000708c00000,0x0000000710700000)
 Metaspace       used 8899K, capacity 9029K, committed 9216K, reserved 1056768K
  class space    used 941K, capacity 1017K, committed 1024K, reserved 1048576K
Event: 1.698 GC heap after
Heap after GC invocations=1 (full 0):
 PSYoungGen      total 54784K, used 7654K [0x0000000782f00000, 0x0000000789a00000, 0x00000007c0000000)
  eden space 47104K, 0% used [0x0000000782f00000,0x0000000782f00000,0x0000000785d00000)
  from space 7680K, 99% used [0x0000000785d00000,0x0000000786479820,0x0000000786480000)
  to   space 7680K, 0% used [0x0000000789280000,0x0000000789280000,0x0000000789a00000)
 ParOldGen       total 125952K, used 27758K [0x0000000708c00000, 0x0000000710700000, 0x0000000782f00000)
  object space 125952K, 22% used [0x0000000708c00000,0x000000070a71bbc8,0x0000000710700000)
 Metaspace       used 8899K, capacity 9029K, committed 9216K, reserved 1056768K
  class space    used 941K, capacity 1017K, committed 1024K, reserved 1048576K
}

Deoptimization events (10 events):
Event: 18.252 Thread 0x0000000002190800 Uncommon trap: reason=unstable_if action=reinterpret pc=0x0000000002657df8 method=game.Menu.update(Lorg/newdawn/slick/GameContainer;Lorg/newdawn/slick/state/StateBasedGame;I)V @ 20
Event: 18.828 Thread 0x0000000002190800 Uncommon trap: reason=unstable_if action=reinterpret pc=0x0000000002663ad4 method=org.newdawn.slick.Image.init()V @ 4
Event: 19.364 Thread 0x0000000002190800 Uncommon trap: reason=unstable_if action=reinterpret pc=0x00000000026b2744 method=java.lang.Math.max(FF)F @ 17
Event: 19.365 Thread 0x0000000002190800 Uncommon trap: reason=unstable_if action=reinterpret pc=0x00000000026b23fc method=java.lang.Math.min(FF)F @ 17
Event: 19.368 Thread 0x0000000002190800 Uncommon trap: reason=unstable_if action=reinterpret pc=0x000000000269c708 method=org.newdawn.slick.opengl.TextureImpl.bind()V @ 4
Event: 19.454 Thread 0x0000000002190800 Uncommon trap: reason=unstable_if action=reinterpret pc=0x000000000264e408 method=org.lwjgl.opengl.WindowsKeyboard.flushRetained()V @ 4
Event: 24.013 Thread 0x0000000002190800 Uncommon trap: reason=unstable_if action=reinterpret pc=0x00000000026d8be0 method=sun.misc.FloatingDecimal$BinaryToASCIIBuffer.dtoa(IJIZ)V @ 97
Event: 24.014 Thread 0x0000000002190800 Uncommon trap: reason=unstable_if action=reinterpret pc=0x00000000026ddc24 method=sun.misc.FloatingDecimal$BinaryToASCIIBuffer.getChars([C)I @ 233
Event: 24.015 Thread 0x0000000002190800 Uncommon trap: reason=unstable_if action=reinterpret pc=0x00000000026d2fe4 method=sun.misc.FloatingDecimal.getBinaryToASCIIConverter(F)Lsun/misc/FloatingDecimal$BinaryToASCIIConverter; @ 9
Event: 56142.078 Thread 0x0000000002190800 Uncommon trap: reason=unstable_if action=reinterpret pc=0x00000000026ff840 method=org.newdawn.slick.AppGameContainer.gameLoop()V @ 60

Internal exceptions (10 events):
Event: 0.278 Thread 0x0000000002190800 Exception <a 'java/security/PrivilegedActionException'> (0x00000007831bd6b8) thrown at [C:\re\workspace\8-2-build-windows-amd64-cygwin\jdk8u91\7017\hotspot\src\share\vm\prims\jvm.cpp, line 1386]
Event: 0.280 Thread 0x0000000002190800 Exception <a 'java/security/PrivilegedActionException'> (0x00000007831c1260) thrown at [C:\re\workspace\8-2-build-windows-amd64-cygwin\jdk8u91\7017\hotspot\src\share\vm\prims\jvm.cpp, line 1386]
Event: 0.280 Thread 0x0000000002190800 Exception <a 'java/security/PrivilegedActionException'> (0x00000007831c1470) thrown at [C:\re\workspace\8-2-build-windows-amd64-cygwin\jdk8u91\7017\hotspot\src\share\vm\prims\jvm.cpp, line 1386]
Event: 0.945 Thread 0x0000000002190800 Exception <a 'java/lang/NoClassDefFoundError': net/java/games/input/ControllerEnvironment> (0x00000007835bfee0) thrown at [C:\re\workspace\8-2-build-windows-amd64-cygwin\jdk8u91\7017\hotspot\src\share\vm\classfile\systemDictionary.cpp, line 199]
Event: 0.954 Thread 0x0000000002190800 Exception <a 'java/io/FileNotFoundException'> (0x00000007835c9de8) thrown at [C:\re\workspace\8-2-build-windows-amd64-cygwin\jdk8u91\7017\hotspot\src\share\vm\prims\jni.cpp, line 709]
Event: 1.015 Thread 0x0000000002190800 Exception <a 'java/lang/NoSuchFieldError': method resolution failed> (0x00000007836973b0) thrown at [C:\re\workspace\8-2-build-windows-amd64-cygwin\jdk8u91\7017\hotspot\src\share\vm\prims\methodHandles.cpp, line 1146]
Event: 1.018 Thread 0x0000000002190800 Exception <a 'java/lang/NoSuchFieldError': method resolution failed> (0x00000007836a4aa0) thrown at [C:\re\workspace\8-2-build-windows-amd64-cygwin\jdk8u91\7017\hotspot\src\share\vm\prims\methodHandles.cpp, line 1146]
Event: 1.512 Thread 0x0000000002190800 Exception <a 'java/io/FileNotFoundException'> (0x0000000783cf9f38) thrown at [C:\re\workspace\8-2-build-windows-amd64-cygwin\jdk8u91\7017\hotspot\src\share\vm\prims\jni.cpp, line 709]
Event: 1.705 Thread 0x0000000002190800 Implicit null exception at 0x000000000257dec6 to 0x000000000257e419
Event: 1.706 Thread 0x0000000002190800 Implicit null exception at 0x000000000255de8b to 0x000000000255e089

Events (10 events):
Event: 56142.159 loading class java/util/IdentityHashMap$IdentityHashMapIterator
Event: 56142.159 loading class java/util/IdentityHashMap$IdentityHashMapIterator done
Event: 56142.159 loading class java/util/IdentityHashMap$KeyIterator done
Event: 56142.159 Thread 0x000000003b2f4800 Thread added: 0x000000003b2f4800
Event: 56142.160 loading class java/util/WeakHashMap$KeyIterator
Event: 56142.161 loading class java/util/WeakHashMap$HashIterator
Event: 56142.161 loading class java/util/WeakHashMap$HashIterator done
Event: 56142.161 loading class java/util/WeakHashMap$KeyIterator done
Event: 56142.161 Thread 0x000000003b2f4800 Thread exited: 0x000000003b2f4800
Event: 56142.162 Executing VM operation: Exit


Dynamic libraries:
0x00007ff75e090000 - 0x00007ff75e0c7000 	C:\Program Files\Java\jre1.8.0_91\bin\javaw.exe
0x00007ff85d520000 - 0x00007ff85d6e1000 	C:\WINDOWS\SYSTEM32\ntdll.dll
0x00007ff85bc50000 - 0x00007ff85bcfd000 	C:\WINDOWS\system32\KERNEL32.DLL
0x00007ff85a5c0000 - 0x00007ff85a7a8000 	C:\WINDOWS\system32\KERNELBASE.dll
0x00007ff85bd70000 - 0x00007ff85be17000 	C:\WINDOWS\system32\ADVAPI32.dll
0x00007ff85b340000 - 0x00007ff85b3dd000 	C:\WINDOWS\system32\msvcrt.dll
0x00007ff85d460000 - 0x00007ff85d4bb000 	C:\WINDOWS\system32\sechost.dll
0x00007ff85b110000 - 0x00007ff85b22c000 	C:\WINDOWS\system32\RPCRT4.dll
0x00007ff85aad0000 - 0x00007ff85ac26000 	C:\WINDOWS\system32\USER32.dll
0x00007ff85b3e0000 - 0x00007ff85b566000 	C:\WINDOWS\system32\GDI32.dll
0x00007ff8523e0000 - 0x00007ff852654000 	C:\WINDOWS\WinSxS\amd64_microsoft.windows.common-controls_6595b64144ccf1df_6.0.10586.0_none_8c15ae12515e1c22\COMCTL32.dll
0x00007ff85ac30000 - 0x00007ff85aead000 	C:\WINDOWS\system32\combase.dll
0x00007ff859bd0000 - 0x00007ff859c3a000 	C:\WINDOWS\system32\bcryptPrimitives.dll
0x00007ff85bec0000 - 0x00007ff85befb000 	C:\WINDOWS\system32\IMM32.DLL
0x0000000056ac0000 - 0x0000000056b92000 	C:\Program Files\Java\jre1.8.0_91\bin\msvcr100.dll
0x0000000056c70000 - 0x0000000057503000 	C:\Program Files\Java\jre1.8.0_91\bin\server\jvm.dll
0x00007ff85beb0000 - 0x00007ff85beb8000 	C:\WINDOWS\system32\PSAPI.DLL
0x00007ff857d90000 - 0x00007ff857db3000 	C:\WINDOWS\SYSTEM32\WINMM.dll
0x00007ff84ed60000 - 0x00007ff84ed69000 	C:\WINDOWS\SYSTEM32\WSOCK32.dll
0x00007ff856700000 - 0x00007ff85670a000 	C:\WINDOWS\SYSTEM32\VERSION.dll
0x00007ff85bd00000 - 0x00007ff85bd6b000 	C:\WINDOWS\system32\WS2_32.dll
0x00007ff857d60000 - 0x00007ff857d8c000 	C:\WINDOWS\SYSTEM32\WINMMBASE.dll
0x00007ff859cc0000 - 0x00007ff859d03000 	C:\WINDOWS\system32\cfgmgr32.dll
0x0000000056c60000 - 0x0000000056c6f000 	C:\Program Files\Java\jre1.8.0_91\bin\verify.dll
0x0000000056c30000 - 0x0000000056c59000 	C:\Program Files\Java\jre1.8.0_91\bin\java.dll
0x0000000056c10000 - 0x0000000056c26000 	C:\Program Files\Java\jre1.8.0_91\bin\zip.dll
0x00007ff85bf00000 - 0x00007ff85d45c000 	C:\WINDOWS\system32\SHELL32.dll
0x00007ff859f70000 - 0x00007ff85a5b4000 	C:\WINDOWS\system32\windows.storage.dll
0x00007ff85d4c0000 - 0x00007ff85d512000 	C:\WINDOWS\system32\shlwapi.dll
0x00007ff859bc0000 - 0x00007ff859bcf000 	C:\WINDOWS\system32\kernel.appcore.dll
0x00007ff85a860000 - 0x00007ff85a915000 	C:\WINDOWS\system32\shcore.dll
0x00007ff859b40000 - 0x00007ff859b8b000 	C:\WINDOWS\system32\powrprof.dll
0x00007ff859b90000 - 0x00007ff859ba4000 	C:\WINDOWS\system32\profapi.dll
0x0000000180000000 - 0x0000000180053000 	C:\Users\Kush Shah\Documents\big-boys-master\lib\natives\windows\lwjgl64.dll
0x00007ff82d580000 - 0x00007ff82d6a9000 	C:\WINDOWS\SYSTEM32\OPENGL32.dll
0x00007ff832940000 - 0x00007ff832a3a000 	C:\WINDOWS\SYSTEM32\DDRAW.dll
0x00007ff83d4a0000 - 0x00007ff83d4ce000 	C:\WINDOWS\SYSTEM32\GLU32.dll
0x00007ff854a60000 - 0x00007ff854a68000 	C:\WINDOWS\SYSTEM32\DCIMAN32.dll
0x00007ff8584c0000 - 0x00007ff858556000 	C:\WINDOWS\system32\uxtheme.dll
0x00007ff85baf0000 - 0x00007ff85bc4a000 	C:\WINDOWS\system32\MSCTF.dll
0x00007ff8486d0000 - 0x00007ff8486fb000 	C:\PROGRA~2\RAPTRI~1\Raptr\ltc_help64-112298.dll
0x00007ff859c40000 - 0x00007ff859c95000 	C:\WINDOWS\system32\WINTRUST.dll
0x00007ff859bb0000 - 0x00007ff859bc0000 	C:\WINDOWS\system32\MSASN1.dll
0x00007ff859d10000 - 0x00007ff859ed8000 	C:\WINDOWS\system32\CRYPT32.dll
0x00007ff848d10000 - 0x00007ff848d3b000 	C:\PROGRA~2\RAPTRI~1\PlaysTV\ltc_help64-112681.dll
0x00007ff857ad0000 - 0x00007ff857af2000 	C:\WINDOWS\system32\dwmapi.dll
0x00007ff84a010000 - 0x00007ff84a028000 	C:\WINDOWS\SYSTEM32\atig6pxx.dll
0x00007ff833790000 - 0x00007ff8338d8000 	C:\WINDOWS\SYSTEM32\atiadlxx.dll
0x00007ff85b570000 - 0x00007ff85b6b3000 	C:\WINDOWS\system32\ole32.dll
0x00007ff85b6c0000 - 0x00007ff85bae9000 	C:\WINDOWS\system32\SETUPAPI.dll
0x00007ff857b40000 - 0x00007ff857cc6000 	C:\WINDOWS\SYSTEM32\PROPSYS.dll
0x00007ff85af60000 - 0x00007ff85b021000 	C:\WINDOWS\system32\OLEAUT32.dll
0x00007ff8592a0000 - 0x00007ff8592bf000 	C:\WINDOWS\SYSTEM32\USERENV.dll
0x00007ff857b20000 - 0x00007ff857b33000 	C:\WINDOWS\SYSTEM32\WTSAPI32.dll
0x00007ff8518f0000 - 0x00007ff851928000 	C:\WINDOWS\SYSTEM32\IPHLPAPI.DLL
0x00007ff858560000 - 0x00007ff858587000 	C:\WINDOWS\SYSTEM32\DEVOBJ.dll
0x0000000054c20000 - 0x0000000056ab7000 	C:\WINDOWS\SYSTEM32\atio6axx.dll
0x00007ff82d720000 - 0x00007ff82d74c000 	C:\WINDOWS\SYSTEM32\atig6txx.dll
0x00007ff82d4e0000 - 0x00007ff82d571000 	C:\WINDOWS\SYSTEM32\mscms.dll
0x00007ff82c440000 - 0x00007ff82c482000 	C:\WINDOWS\SYSTEM32\icm32.dll
0x0000000054a80000 - 0x0000000054c18000 	C:\Program Files\Java\jre1.8.0_91\bin\awt.dll
0x00007ff858330000 - 0x00007ff8583a9000 	C:\WINDOWS\system32\apphelp.dll
0x00007ff8594c0000 - 0x00007ff8594d7000 	C:\WINDOWS\SYSTEM32\CRYPTSP.dll
0x00007ff859150000 - 0x00007ff859184000 	C:\WINDOWS\system32\rsaenh.dll
0x00007ff859a70000 - 0x00007ff859a99000 	C:\WINDOWS\SYSTEM32\bcrypt.dll
0x00007ff8595e0000 - 0x00007ff8595eb000 	C:\WINDOWS\SYSTEM32\CRYPTBASE.dll
0x0000000056bf0000 - 0x0000000056c0a000 	C:\Program Files\Java\jre1.8.0_91\bin\net.dll
0x00007ff859410000 - 0x00007ff85946c000 	C:\WINDOWS\system32\mswsock.dll
0x00007ff85b030000 - 0x00007ff85b038000 	C:\WINDOWS\system32\NSI.dll
0x00007ff850e80000 - 0x00007ff850e96000 	C:\WINDOWS\SYSTEM32\dhcpcsvc6.DLL
0x00007ff851210000 - 0x00007ff85122a000 	C:\WINDOWS\SYSTEM32\dhcpcsvc.DLL
0x0000000056bd0000 - 0x0000000056be1000 	C:\Program Files\Java\jre1.8.0_91\bin\nio.dll
0x0000000054a40000 - 0x0000000054a71000 	C:\Program Files\Java\jre1.8.0_91\bin\jpeg.dll
0x0000000054a00000 - 0x0000000054a3c000 	C:\Program Files\Java\jre1.8.0_91\bin\lcms.dll
0x00007ff85be20000 - 0x00007ff85be3c000 	C:\WINDOWS\system32\imagehlp.dll
0x00007ff858b40000 - 0x00007ff858b64000 	C:\WINDOWS\SYSTEM32\gpapi.dll
0x00007ff847e90000 - 0x00007ff847ebf000 	C:\Windows\System32\cryptnet.dll
0x00007ff8513a0000 - 0x00007ff8513ab000 	C:\WINDOWS\SYSTEM32\WINNSI.DLL
0x00007ff82bd40000 - 0x00007ff82bf68000 	C:\PROGRA~2\RAPTRI~1\PlaysTV\ltc_game64-112681.dll
0x00007ff847530000 - 0x00007ff8476bc000 	C:\WINDOWS\SYSTEM32\dbghelp.dll

VM Arguments:
jvm_args: -Djava.library.path=C:\Users\Kush Shah\Documents\big-boys-master\lib\natives\windows -Dfile.encoding=Cp1252 
java_command: game.Game
java_class_path (initial): C:\Users\Kush Shah\Documents\big-boys-master\bin;C:\Users\Kush Shah\Documents\big-boys-master\lib\jars\lwjgl.jar;C:\Users\Kush Shah\Documents\big-boys-master\lib\jars\slick.jar
Launcher Type: SUN_STANDARD

Environment Variables:
PATH=C:/Program Files/Java/jre1.8.0_91/bin/server;C:/Program Files/Java/jre1.8.0_91/bin;C:/Program Files/Java/jre1.8.0_91/lib/amd64;C:\ProgramData\Oracle\Java\javapath;C:\WINDOWS\system32;C:\WINDOWS;C:\WINDOWS\System32\Wbem;C:\WINDOWS\System32\WindowsPowerShell\v1.0\;c:\Program Files (x86)\ATI Technologies\ATI.ACE\Core-Static;c:\Program Files (x86)\AMD\ATI.ACE\Core-Static;C:\Program Files (x86)\Skype\Phone\;C:\Users\Kush Shah\Downloads\eclipse-java-mars-2-win32-x86_64\eclipse;
USERNAME=Kush Shah
OS=Windows_NT
PROCESSOR_IDENTIFIER=AMD64 Family 21 Model 96 Stepping 1, AuthenticAMD



---------------  S Y S T E M  ---------------

OS: Windows 10.0 , 64 bit Build 10586 (10.0.10586.0)

CPU:total 4 (4 cores per cpu, 1 threads per core) family 21 model 96 stepping 1, cmov, cx8, fxsr, mmx, sse, sse2, sse3, ssse3, sse4.1, sse4.2, popcnt, avx, avx2, aes, clmul, mmxext, 3dnowpref, lzcnt, sse4a, tsc, tscinvbit, tscinv, bmi1

Memory: 4k page, physical 12005864k(6924576k free), swap 13840872k(6029832k free)

vm_info: Java HotSpot(TM) 64-Bit Server VM (25.91-b15) for windows-amd64 JRE (1.8.0_91-b15), built on May 20 2016 17:43:15 by "java_re" with MS VC++ 10.0 (VS2010)

time: Mon May 30 09:58:31 2016
elapsed time: 56142 seconds (0d 15h 35m 42s)

