#
# A fatal error has been detected by the Java Runtime Environment:
#
#  EXCEPTION_ACCESS_VIOLATION (0xc0000005) at pc=0x00007ff9259b2224, pid=6080, tid=13504
#
# JRE version: Java(TM) SE Runtime Environment (8.0_91-b15) (build 1.8.0_91-b15)
# Java VM: Java HotSpot(TM) 64-Bit Server VM (25.91-b15 mixed mode windows-amd64 compressed oops)
# Problematic frame:
# C  [OPENGL32.dll+0xe2224]
#
# Failed to write core dump. Minidumps are not enabled by default on client versions of Windows
#
# If you would like to submit a bug report, please visit:
#   http://bugreport.java.com/bugreport/crash.jsp
#

---------------  T H R E A D  ---------------

Current thread (0x0000000019ba7000):  VMThread [stack: 0x000000001ac30000,0x000000001ad30000] [id=13504]

siginfo: ExceptionCode=0xc0000005, reading address 0x0000000000000a38

Registers:
RAX=0x0000000000000000, RBX=0x000000002a0d0830, RCX=0x0000000000000001, RDX=0x000000002a0d0838
RSP=0x000000001ad2f328, RBP=0x0000000000000000, RSI=0x000000002a0d3690, RDI=0x000000002a0d3690
R8 =0x000000001ad2f3a8, R9 =0x0000000019ab5500, R10=0x0000000000000000, R11=0x0000000000000246
R12=0x0000000000000000, R13=0x000000002a206928, R14=0x000000002a2067e0, R15=0x0000000000000000
RIP=0x00007ff9259b2224, EFLAGS=0x0000000000010283

Top of Stack: (sp=0x000000001ad2f328)
0x000000001ad2f328:   00007ff9252d247b 000000002a2067e0
0x000000001ad2f338:   000000002a200000 0000000000000000
0x000000001ad2f348:   00007ff953cd0abd 0000000000000000
0x000000001ad2f358:   00007ff9252d7b27 000000002a209500
0x000000001ad2f368:   0000000000000000 000000002a206910
0x000000001ad2f378:   00007ff9252d6e93 fffffffffffffffe
0x000000001ad2f388:   000000001ad2f3f0 0000000000000000
0x000000001ad2f398:   00007ff9252d83d9 000000002a0d3690
0x000000001ad2f3a8:   000000002a209e00 0000000019ab5500
0x000000001ad2f3b8:   00007ff92534b238 fffffffffffffffe
0x000000001ad2f3c8:   000000002a209600 0000000000000001
0x000000001ad2f3d8:   000000002a206908 000000002a2067e0
0x000000001ad2f3e8:   00007ff92535335d 00007ff925482880
0x000000001ad2f3f8:   00007ff9253b9980 0000000019ab5500
0x000000001ad2f408:   00007ff953cd0ad9 000000002a206908
0x000000001ad2f418:   000000002a2067e0 000000002a2067e0 

Instructions: (pc=0x00007ff9259b2224)
0x00007ff9259b2204:   cc cc cc cc cc cc 66 0f 1f 44 00 00 8b 05 f2 7d
0x00007ff9259b2214:   01 00 83 f8 40 73 0f 65 48 8b 04 c5 80 14 00 00
0x00007ff9259b2224:   ff a0 38 0a 00 00 b8 47 01 00 00 e9 ec d4 ff ff
0x00007ff9259b2234:   cc cc cc cc cc cc 66 0f 1f 44 00 00 8b 05 c2 7d 


Register to memory mapping:

RAX=0x0000000000000000 is an unknown value
RBX=0x000000002a0d0830 is an unknown value
RCX=0x0000000000000001 is an unknown value
RDX=0x000000002a0d0838 is an unknown value
RSP=0x000000001ad2f328 is an unknown value
RBP=0x0000000000000000 is an unknown value
RSI=0x000000002a0d3690 is an unknown value
RDI=0x000000002a0d3690 is an unknown value
R8 =0x000000001ad2f3a8 is an unknown value
R9 =0x0000000019ab5500 is an unknown value
R10=0x0000000000000000 is an unknown value
R11=0x0000000000000246 is an unknown value
R12=0x0000000000000000 is an unknown value
R13=0x000000002a206928 is an unknown value
R14=0x000000002a2067e0 is an unknown value
R15=0x0000000000000000 is an unknown value


Stack: [0x000000001ac30000,0x000000001ad30000],  sp=0x000000001ad2f328,  free space=1020k
Native frames: (J=compiled Java code, j=interpreted, Vv=VM code, C=native code)

VM_Operation (0x0000000002e3f450): Exit, mode: safepoint, requested by thread 0x0000000002e40800


---------------  P R O C E S S  ---------------

Java Threads: ( => current thread )
  0x0000000025bac000 JavaThread "Thread-1" [_thread_blocked, id=6244, stack(0x0000000031cd0000,0x0000000031dd0000)]
  0x000000001b8c2000 JavaThread "Java2D Disposer" daemon [_thread_blocked, id=9480, stack(0x00000000237f0000,0x00000000238f0000)]
  0x000000001b540800 JavaThread "Service Thread" daemon [_thread_blocked, id=12148, stack(0x000000001b910000,0x000000001ba10000)]
  0x0000000019be7000 JavaThread "C1 CompilerThread2" daemon [_thread_blocked, id=8100, stack(0x000000001b410000,0x000000001b510000)]
  0x0000000019bdf000 JavaThread "C2 CompilerThread1" daemon [_thread_blocked, id=11596, stack(0x000000001b310000,0x000000001b410000)]
  0x0000000019bdc000 JavaThread "C2 CompilerThread0" daemon [_thread_blocked, id=14572, stack(0x000000001b210000,0x000000001b310000)]
  0x0000000019bda000 JavaThread "Attach Listener" daemon [_thread_blocked, id=12584, stack(0x000000001b110000,0x000000001b210000)]
  0x0000000019bd9000 JavaThread "Signal Dispatcher" daemon [_thread_blocked, id=3756, stack(0x000000001b010000,0x000000001b110000)]
  0x0000000019bca000 JavaThread "Finalizer" daemon [_thread_blocked, id=5888, stack(0x000000001ae30000,0x000000001af30000)]
  0x0000000002f2f000 JavaThread "Reference Handler" daemon [_thread_blocked, id=9552, stack(0x000000001ad30000,0x000000001ae30000)]
  0x0000000002e40800 JavaThread "main" [_thread_blocked, id=13336, stack(0x0000000002d40000,0x0000000002e40000)]

Other Threads:
=>0x0000000019ba7000 VMThread [stack: 0x000000001ac30000,0x000000001ad30000] [id=13504]

VM state:at safepoint (shutting down)

VM Mutex/Monitor currently owned by a thread:  ([mutex/lock_event])
[0x0000000002c2bbe0] Threads_lock - owner thread: 0x0000000019ba7000

Heap:
 PSYoungGen      total 54784K, used 26840K [0x0000000782f00000, 0x0000000786c00000, 0x00000007c0000000)
  eden space 47104K, 40% used [0x0000000782f00000,0x00000007841b96b0,0x0000000785d00000)
  from space 7680K, 99% used [0x0000000785d00000,0x000000078647cd48,0x0000000786480000)
  to   space 7680K, 0% used [0x0000000786480000,0x0000000786480000,0x0000000786c00000)
 ParOldGen       total 125952K, used 21660K [0x0000000708c00000, 0x0000000710700000, 0x0000000782f00000)
  object space 125952K, 17% used [0x0000000708c00000,0x000000070a127150,0x0000000710700000)
 Metaspace       used 9331K, capacity 9509K, committed 9856K, reserved 1058816K
  class space    used 961K, capacity 1049K, committed 1152K, reserved 1048576K

Card table byte_map: [0x0000000012300000,0x00000000128c0000] byte_map_base: 0x000000000eaba000

Marking Bits: (ParMarkBitMap*) 0x0000000054dd2f70
 Begin Bits: [0x00000000130a0000, 0x0000000015e70000)
 End Bits:   [0x0000000015e70000, 0x0000000018c40000)

Polling page: 0x0000000001180000

CodeCache: size=245760Kb used=4281Kb max_used=4290Kb free=241478Kb
 bounds [0x0000000002f40000, 0x0000000003380000, 0x0000000011f40000]
 total_blobs=1617 nmethods=1091 adapters=440
 compilation: enabled

Compilation events (10 events):
Event: 83.635 Thread 0x0000000019be7000 1088       3       org.lwjgl.input.Keyboard$KeyEvent::access$602 (7 bytes)
Event: 83.635 Thread 0x0000000019be7000 nmethod 1088 0x0000000003361dd0 code [0x0000000003361f20, 0x0000000003362050]
Event: 84.065 Thread 0x0000000019bdf000 1089       4       game.HomeTown::update (13 bytes)
Event: 84.066 Thread 0x0000000019bdc000 1090       4       game.HomeTown::render (71 bytes)
Event: 84.067 Thread 0x0000000019bdf000 nmethod 1089 0x000000000335d590 code [0x000000000335d6e0, 0x000000000335d788]
Event: 84.273 Thread 0x0000000019bdc000 nmethod 1090 0x0000000003371610 code [0x0000000003371940, 0x0000000003373968]
Event: 86.168 Thread 0x0000000019be7000 1091   !   3       org.lwjgl.input.Keyboard::getEventCharacter (21 bytes)
Event: 86.169 Thread 0x0000000019be7000 nmethod 1091 0x0000000003361810 code [0x0000000003361980, 0x0000000003361c90]
Event: 86.336 Thread 0x0000000019be7000 1092       1       org.lwjgl.input.Keyboard$KeyEvent::access$500 (5 bytes)
Event: 86.337 Thread 0x0000000019be7000 nmethod 1092 0x000000000330f5d0 code [0x000000000330f720, 0x000000000330f810]

GC Heap History (2 events):
Event: 3.799 GC heap before
{Heap before GC invocations=1 (full 0):
 PSYoungGen      total 54784K, used 47104K [0x0000000782f00000, 0x0000000786c00000, 0x00000007c0000000)
  eden space 47104K, 100% used [0x0000000782f00000,0x0000000785d00000,0x0000000785d00000)
  from space 7680K, 0% used [0x0000000786480000,0x0000000786480000,0x0000000786c00000)
  to   space 7680K, 0% used [0x0000000785d00000,0x0000000785d00000,0x0000000786480000)
 ParOldGen       total 125952K, used 0K [0x0000000708c00000, 0x0000000710700000, 0x0000000782f00000)
  object space 125952K, 0% used [0x0000000708c00000,0x0000000708c00000,0x0000000710700000)
 Metaspace       used 8917K, capacity 9029K, committed 9216K, reserved 1056768K
  class space    used 943K, capacity 1017K, committed 1024K, reserved 1048576K
Event: 3.825 GC heap after
Heap after GC invocations=1 (full 0):
 PSYoungGen      total 54784K, used 7667K [0x0000000782f00000, 0x0000000786c00000, 0x00000007c0000000)
  eden space 47104K, 0% used [0x0000000782f00000,0x0000000782f00000,0x0000000785d00000)
  from space 7680K, 99% used [0x0000000785d00000,0x000000078647cd48,0x0000000786480000)
  to   space 7680K, 0% used [0x0000000786480000,0x0000000786480000,0x0000000786c00000)
 ParOldGen       total 125952K, used 21660K [0x0000000708c00000, 0x0000000710700000, 0x0000000782f00000)
  object space 125952K, 17% used [0x0000000708c00000,0x000000070a127150,0x0000000710700000)
 Metaspace       used 8917K, capacity 9029K, committed 9216K, reserved 1056768K
  class space    used 943K, capacity 1017K, committed 1024K, reserved 1048576K
}

Deoptimization events (10 events):
Event: 3.835 Thread 0x0000000002e40800 Uncommon trap: reason=unstable_if action=reinterpret pc=0x00000000031f5774 method=java.awt.image.ComponentColorModel.getDataElements(ILjava/lang/Object;)Ljava/lang/Object; @ 2993
Event: 3.836 Thread 0x0000000002e40800 Uncommon trap: reason=unstable_if action=reinterpret pc=0x00000000031dada4 method=sun.awt.image.ByteInterleavedRaster.getDataElements(IILjava/lang/Object;)Ljava/lang/Object; @ 43
Event: 22.142 Thread 0x0000000002e40800 Uncommon trap: reason=unstable_if action=reinterpret pc=0x00000000032f99a8 method=game.QuadSpace.collide(Lorg/newdawn/slick/Input;I)V @ 45
Event: 27.114 Thread 0x0000000002e40800 Uncommon trap: reason=unstable_if action=reinterpret pc=0x0000000003315204 method=game.QuadSpace.collide(Lorg/newdawn/slick/Input;I)V @ 138
Event: 57.234 Thread 0x0000000002e40800 Uncommon trap: reason=unstable_if action=reinterpret pc=0x0000000003331fdc method=game.Play1.update(Lorg/newdawn/slick/GameContainer;Lorg/newdawn/slick/state/StateBasedGame;I)V @ 293
Event: 57.239 Thread 0x0000000002e40800 Uncommon trap: reason=class_check action=maybe_recompile pc=0x0000000003357a94 method=org.newdawn.slick.state.StateBasedGame.render(Lorg/newdawn/slick/GameContainer;Lorg/newdawn/slick/Graphics;)V @ 20
Event: 57.244 Thread 0x0000000002e40800 Uncommon trap: reason=class_check action=maybe_recompile pc=0x0000000003357a94 method=org.newdawn.slick.state.StateBasedGame.render(Lorg/newdawn/slick/GameContainer;Lorg/newdawn/slick/Graphics;)V @ 20
Event: 57.246 Thread 0x0000000002e40800 Uncommon trap: reason=class_check action=maybe_recompile pc=0x0000000003357a94 method=org.newdawn.slick.state.StateBasedGame.render(Lorg/newdawn/slick/GameContainer;Lorg/newdawn/slick/Graphics;)V @ 20
Event: 57.249 Thread 0x0000000002e40800 Uncommon trap: reason=class_check action=maybe_recompile pc=0x0000000003357a94 method=org.newdawn.slick.state.StateBasedGame.render(Lorg/newdawn/slick/GameContainer;Lorg/newdawn/slick/Graphics;)V @ 20
Event: 89.214 Thread 0x0000000002e40800 Uncommon trap: reason=unstable_if action=reinterpret pc=0x00000000033532ac method=org.newdawn.slick.AppGameContainer.gameLoop()V @ 60

Internal exceptions (10 events):
Event: 0.801 Thread 0x0000000002e40800 Exception <a 'java/security/PrivilegedActionException'> (0x00000007831c92c0) thrown at [C:\re\workspace\8-2-build-windows-amd64-cygwin\jdk8u91\7017\hotspot\src\share\vm\prims\jvm.cpp, line 1386]
Event: 0.808 Thread 0x0000000002e40800 Exception <a 'java/security/PrivilegedActionException'> (0x00000007831cce68) thrown at [C:\re\workspace\8-2-build-windows-amd64-cygwin\jdk8u91\7017\hotspot\src\share\vm\prims\jvm.cpp, line 1386]
Event: 0.808 Thread 0x0000000002e40800 Exception <a 'java/security/PrivilegedActionException'> (0x00000007831cd078) thrown at [C:\re\workspace\8-2-build-windows-amd64-cygwin\jdk8u91\7017\hotspot\src\share\vm\prims\jvm.cpp, line 1386]
Event: 2.029 Thread 0x0000000002e40800 Exception <a 'java/lang/NoClassDefFoundError': net/java/games/input/ControllerEnvironment> (0x00000007835c3b98) thrown at [C:\re\workspace\8-2-build-windows-amd64-cygwin\jdk8u91\7017\hotspot\src\share\vm\classfile\systemDictionary.cpp, line 199]
Event: 2.109 Thread 0x0000000002e40800 Exception <a 'java/io/FileNotFoundException'> (0x00000007835cdaa0) thrown at [C:\re\workspace\8-2-build-windows-amd64-cygwin\jdk8u91\7017\hotspot\src\share\vm\prims\jni.cpp, line 709]
Event: 2.219 Thread 0x0000000002e40800 Exception <a 'java/lang/NoSuchFieldError': method resolution failed> (0x000000078369b090) thrown at [C:\re\workspace\8-2-build-windows-amd64-cygwin\jdk8u91\7017\hotspot\src\share\vm\prims\methodHandles.cpp, line 1146]
Event: 2.225 Thread 0x0000000002e40800 Exception <a 'java/lang/NoSuchFieldError': method resolution failed> (0x00000007836a8780) thrown at [C:\re\workspace\8-2-build-windows-amd64-cygwin\jdk8u91\7017\hotspot\src\share\vm\prims\methodHandles.cpp, line 1146]
Event: 3.477 Thread 0x0000000002e40800 Exception <a 'java/io/FileNotFoundException'> (0x0000000783d18808) thrown at [C:\re\workspace\8-2-build-windows-amd64-cygwin\jdk8u91\7017\hotspot\src\share\vm\prims\jni.cpp, line 709]
Event: 3.835 Thread 0x0000000002e40800 Implicit null exception at 0x00000000031f5206 to 0x00000000031f5759
Event: 3.836 Thread 0x0000000002e40800 Implicit null exception at 0x00000000031dab8b to 0x00000000031dad89

Events (10 events):
Event: 89.361 loading class java/util/IdentityHashMap$KeyIterator
Event: 89.361 loading class java/util/IdentityHashMap$IdentityHashMapIterator
Event: 89.371 loading class java/util/IdentityHashMap$IdentityHashMapIterator done
Event: 89.371 loading class java/util/IdentityHashMap$KeyIterator done
Event: 89.371 Thread 0x0000000025bac000 Thread added: 0x0000000025bac000
Event: 89.373 loading class java/util/WeakHashMap$KeyIterator
Event: 89.374 loading class java/util/WeakHashMap$HashIterator
Event: 89.374 loading class java/util/WeakHashMap$HashIterator done
Event: 89.374 loading class java/util/WeakHashMap$KeyIterator done
Event: 89.384 Executing VM operation: Exit


Dynamic libraries:
0x00007ff6fa540000 - 0x00007ff6fa577000 	C:\Program Files\Java\jre1.8.0_91\bin\javaw.exe
0x00007ff953cb0000 - 0x00007ff953e71000 	C:\WINDOWS\SYSTEM32\ntdll.dll
0x00007ff951cb0000 - 0x00007ff951d5d000 	C:\WINDOWS\system32\KERNEL32.DLL
0x00007ff950440000 - 0x00007ff950628000 	C:\WINDOWS\system32\KERNELBASE.dll
0x00007ff9510b0000 - 0x00007ff951157000 	C:\WINDOWS\system32\ADVAPI32.dll
0x00007ff951700000 - 0x00007ff95179d000 	C:\WINDOWS\system32\msvcrt.dll
0x00007ff951d60000 - 0x00007ff951dbb000 	C:\WINDOWS\system32\sechost.dll
0x00007ff951430000 - 0x00007ff95154c000 	C:\WINDOWS\system32\RPCRT4.dll
0x00007ff9517a0000 - 0x00007ff9518f6000 	C:\WINDOWS\system32\USER32.dll
0x00007ff951b20000 - 0x00007ff951ca6000 	C:\WINDOWS\system32\GDI32.dll
0x00007ff9489a0000 - 0x00007ff948c14000 	C:\WINDOWS\WinSxS\amd64_microsoft.windows.common-controls_6595b64144ccf1df_6.0.10586.0_none_8c15ae12515e1c22\COMCTL32.dll
0x00007ff951160000 - 0x00007ff9513dd000 	C:\WINDOWS\system32\combase.dll
0x00007ff950380000 - 0x00007ff9503ea000 	C:\WINDOWS\system32\bcryptPrimitives.dll
0x00007ff9513f0000 - 0x00007ff95142b000 	C:\WINDOWS\system32\IMM32.DLL
0x00000000579b0000 - 0x0000000057a82000 	C:\Program Files\Java\jre1.8.0_91\bin\msvcr100.dll
0x00000000545c0000 - 0x0000000054e53000 	C:\Program Files\Java\jre1.8.0_91\bin\server\jvm.dll
0x00007ff9513e0000 - 0x00007ff9513e8000 	C:\WINDOWS\system32\PSAPI.DLL
0x00007ff9442f0000 - 0x00007ff9442f9000 	C:\WINDOWS\SYSTEM32\WSOCK32.dll
0x00007ff94e520000 - 0x00007ff94e543000 	C:\WINDOWS\SYSTEM32\WINMM.dll
0x00007ff952160000 - 0x00007ff9521cb000 	C:\WINDOWS\system32\WS2_32.dll
0x00007ff94d130000 - 0x00007ff94d13a000 	C:\WINDOWS\SYSTEM32\VERSION.dll
0x00007ff94e4f0000 - 0x00007ff94e51c000 	C:\WINDOWS\SYSTEM32\WINMMBASE.dll
0x00007ff9503f0000 - 0x00007ff950433000 	C:\WINDOWS\system32\cfgmgr32.dll
0x00000000545b0000 - 0x00000000545bf000 	C:\Program Files\Java\jre1.8.0_91\bin\verify.dll
0x0000000054580000 - 0x00000000545a9000 	C:\Program Files\Java\jre1.8.0_91\bin\java.dll
0x0000000054560000 - 0x0000000054576000 	C:\Program Files\Java\jre1.8.0_91\bin\zip.dll
0x00007ff952600000 - 0x00007ff953b5c000 	C:\WINDOWS\system32\SHELL32.dll
0x00007ff950630000 - 0x00007ff950c74000 	C:\WINDOWS\system32\windows.storage.dll
0x00007ff951ac0000 - 0x00007ff951b12000 	C:\WINDOWS\system32\shlwapi.dll
0x00007ff950320000 - 0x00007ff95032f000 	C:\WINDOWS\system32\kernel.appcore.dll
0x00007ff950ff0000 - 0x00007ff9510a5000 	C:\WINDOWS\system32\shcore.dll
0x00007ff9502d0000 - 0x00007ff95031b000 	C:\WINDOWS\system32\powrprof.dll
0x00007ff950330000 - 0x00007ff950344000 	C:\WINDOWS\system32\profapi.dll
0x0000000180000000 - 0x0000000180053000 	C:\Users\Kush Shah\Documents\big-boys-master\lib\natives\windows\lwjgl64.dll
0x00007ff9258d0000 - 0x00007ff9259f9000 	C:\WINDOWS\SYSTEM32\OPENGL32.dll
0x00007ff927560000 - 0x00007ff92765a000 	C:\WINDOWS\SYSTEM32\DDRAW.dll
0x00007ff93f500000 - 0x00007ff93f52e000 	C:\WINDOWS\SYSTEM32\GLU32.dll
0x00007ff927550000 - 0x00007ff927558000 	C:\WINDOWS\SYSTEM32\DCIMAN32.dll
0x00007ff94ec80000 - 0x00007ff94ed16000 	C:\WINDOWS\system32\uxtheme.dll
0x00007ff951dc0000 - 0x00007ff951f1a000 	C:\WINDOWS\system32\MSCTF.dll
0x00007ff9274f0000 - 0x00007ff92751b000 	C:\PROGRA~2\RAPTRI~1\PlaysTV\ltc_help64-113248.dll
0x00007ff950dc0000 - 0x00007ff950e15000 	C:\WINDOWS\system32\WINTRUST.dll
0x00007ff950350000 - 0x00007ff950360000 	C:\WINDOWS\system32\MSASN1.dll
0x00007ff950e20000 - 0x00007ff950fe8000 	C:\WINDOWS\system32\CRYPT32.dll
0x00007ff927520000 - 0x00007ff92754b000 	C:\PROGRA~2\RAPTRI~1\Raptr\ltc_help64-112298.dll
0x00007ff94e430000 - 0x00007ff94e452000 	C:\WINDOWS\system32\dwmapi.dll
0x00007ff93f880000 - 0x00007ff93f898000 	C:\WINDOWS\SYSTEM32\atig6pxx.dll
0x00007ff92af10000 - 0x00007ff92b058000 	C:\WINDOWS\SYSTEM32\atiadlxx.dll
0x00007ff953b60000 - 0x00007ff953ca3000 	C:\WINDOWS\system32\ole32.dll
0x00007ff9521d0000 - 0x00007ff9525f9000 	C:\WINDOWS\system32\SETUPAPI.dll
0x00007ff94e280000 - 0x00007ff94e406000 	C:\WINDOWS\SYSTEM32\PROPSYS.dll
0x00007ff94fa30000 - 0x00007ff94fa4f000 	C:\WINDOWS\SYSTEM32\USERENV.dll
0x00007ff94dfb0000 - 0x00007ff94dfc3000 	C:\WINDOWS\SYSTEM32\WTSAPI32.dll
0x00007ff947f50000 - 0x00007ff947f88000 	C:\WINDOWS\SYSTEM32\IPHLPAPI.DLL
0x00007ff951f80000 - 0x00007ff952041000 	C:\WINDOWS\system32\OLEAUT32.dll
0x00007ff94ec50000 - 0x00007ff94ec77000 	C:\WINDOWS\SYSTEM32\DEVOBJ.dll
0x0000000055b10000 - 0x00000000579a7000 	C:\WINDOWS\SYSTEM32\atio6axx.dll
0x00007ff93f430000 - 0x00007ff93f45c000 	C:\WINDOWS\SYSTEM32\atig6txx.dll
0x00007ff93f390000 - 0x00007ff93f421000 	C:\WINDOWS\SYSTEM32\mscms.dll
0x00007ff93f200000 - 0x00007ff93f242000 	C:\WINDOWS\SYSTEM32\icm32.dll
0x0000000055970000 - 0x0000000055b08000 	C:\Program Files\Java\jre1.8.0_91\bin\awt.dll
0x00007ff94eac0000 - 0x00007ff94eb39000 	C:\WINDOWS\system32\apphelp.dll
0x00007ff94fc50000 - 0x00007ff94fc67000 	C:\WINDOWS\SYSTEM32\CRYPTSP.dll
0x00007ff94f8e0000 - 0x00007ff94f914000 	C:\WINDOWS\system32\rsaenh.dll
0x00007ff950200000 - 0x00007ff950229000 	C:\WINDOWS\SYSTEM32\bcrypt.dll
0x00007ff9501f0000 - 0x00007ff9501fb000 	C:\WINDOWS\SYSTEM32\CRYPTBASE.dll
0x0000000054540000 - 0x000000005455a000 	C:\Program Files\Java\jre1.8.0_91\bin\net.dll
0x00007ff94fba0000 - 0x00007ff94fbfc000 	C:\WINDOWS\system32\mswsock.dll
0x00007ff951900000 - 0x00007ff951908000 	C:\WINDOWS\system32\NSI.dll
0x00007ff947f30000 - 0x00007ff947f46000 	C:\WINDOWS\SYSTEM32\dhcpcsvc6.DLL
0x00007ff947f10000 - 0x00007ff947f2a000 	C:\WINDOWS\SYSTEM32\dhcpcsvc.DLL
0x0000000054520000 - 0x0000000054531000 	C:\Program Files\Java\jre1.8.0_91\bin\nio.dll
0x0000000055930000 - 0x0000000055961000 	C:\Program Files\Java\jre1.8.0_91\bin\jpeg.dll
0x00000000558f0000 - 0x000000005592c000 	C:\Program Files\Java\jre1.8.0_91\bin\lcms.dll
0x00007ff9516e0000 - 0x00007ff9516fc000 	C:\WINDOWS\system32\imagehlp.dll
0x00007ff94f2d0000 - 0x00007ff94f2f4000 	C:\WINDOWS\SYSTEM32\gpapi.dll
0x00007ff93fc80000 - 0x00007ff93fcaf000 	C:\Windows\System32\cryptnet.dll
0x00007ff948010000 - 0x00007ff94801b000 	C:\WINDOWS\SYSTEM32\WINNSI.DLL
0x00007ff9254a0000 - 0x00007ff9256cb000 	C:\PROGRA~2\RAPTRI~1\Raptr\ltc_game64-112298.dll
0x00007ff925270000 - 0x00007ff92549e000 	C:\PROGRA~2\RAPTRI~1\PlaysTV\ltc_game64-113248.dll
0x00007ff93def0000 - 0x00007ff93e07c000 	C:\WINDOWS\SYSTEM32\dbghelp.dll

VM Arguments:
jvm_args: -Djava.library.path=C:\Users\Kush Shah\Documents\big-boys-master\lib\natives\windows -Dfile.encoding=Cp1252 
java_command: game.Game
java_class_path (initial): C:\Users\Kush Shah\Documents\big-boys-master\bin;C:\Users\Kush Shah\Documents\big-boys-master\lib\jars\lwjgl.jar;C:\Users\Kush Shah\Documents\big-boys-master\lib\jars\slick.jar
Launcher Type: SUN_STANDARD

Environment Variables:
PATH=C:/Program Files/Java/jre1.8.0_91/bin/server;C:/Program Files/Java/jre1.8.0_91/bin;C:/Program Files/Java/jre1.8.0_91/lib/amd64;C:\ProgramData\Oracle\Java\javapath;C:\WINDOWS\system32;C:\WINDOWS;C:\WINDOWS\System32\Wbem;C:\WINDOWS\System32\WindowsPowerShell\v1.0\;c:\Program Files (x86)\ATI Technologies\ATI.ACE\Core-Static;c:\Program Files (x86)\AMD\ATI.ACE\Core-Static;C:\Program Files (x86)\Skype\Phone\;C:\Users\Kush Shah\Downloads\eclipse-java-mars-2-win32-x86_64\eclipse;
USERNAME=Kush Shah
OS=Windows_NT
PROCESSOR_IDENTIFIER=AMD64 Family 21 Model 96 Stepping 1, AuthenticAMD



---------------  S Y S T E M  ---------------

OS: Windows 10.0 , 64 bit Build 10586 (10.0.10586.0)

CPU:total 4 (4 cores per cpu, 1 threads per core) family 21 model 96 stepping 1, cmov, cx8, fxsr, mmx, sse, sse2, sse3, ssse3, sse4.1, sse4.2, popcnt, avx, avx2, aes, clmul, mmxext, 3dnowpref, lzcnt, sse4a, tsc, tscinvbit, tscinv, bmi1

Memory: 4k page, physical 12005868k(6205884k free), swap 13840876k(5518576k free)

vm_info: Java HotSpot(TM) 64-Bit Server VM (25.91-b15) for windows-amd64 JRE (1.8.0_91-b15), built on May 20 2016 17:43:15 by "java_re" with MS VC++ 10.0 (VS2010)

time: Wed Jun 22 22:38:33 2016
elapsed time: 89 seconds (0d 0h 1m 29s)

