#
# A fatal error has been detected by the Java Runtime Environment:
#
#  EXCEPTION_ACCESS_VIOLATION (0xc0000005) at pc=0x00007ff82a6a2224, pid=9648, tid=9948
#
# JRE version: Java(TM) SE Runtime Environment (8.0_91-b15) (build 1.8.0_91-b15)
# Java VM: Java HotSpot(TM) 64-Bit Server VM (25.91-b15 mixed mode windows-amd64 compressed oops)
# Problematic frame:
# C  [OPENGL32.dll+0xe2224]
#
# Failed to write core dump. Minidumps are not enabled by default on client versions of Windows
#
# If you would like to submit a bug report, please visit:
#   http://bugreport.java.com/bugreport/crash.jsp
#

---------------  T H R E A D  ---------------

Current thread (0x0000000018f37000):  VMThread [stack: 0x0000000019ff0000,0x000000001a0f0000] [id=9948]

siginfo: ExceptionCode=0xc0000005, reading address 0x0000000000000a38

Registers:
RAX=0x0000000000000000, RBX=0x000000002efd0130, RCX=0x0000000000000001, RDX=0x000000002efd0138
RSP=0x000000001a0ef2f8, RBP=0x0000000000000000, RSI=0x000000002efd3690, RDI=0x000000002efd3690
R8 =0x000000001a0ef378, R9 =0x0000000018e45500, R10=0x0000000000000000, R11=0x0000000000000246
R12=0x0000000000000000, R13=0x0000000026856928, R14=0x00000000268567e0, R15=0x0000000000000000
RIP=0x00007ff82a6a2224, EFLAGS=0x0000000000010283

Top of Stack: (sp=0x000000001a0ef2f8)
0x000000001a0ef2f8:   00007ff82af3202b 00000000268567e0
0x000000001a0ef308:   0000000026850000 0000000000000000
0x000000001a0ef318:   00007ff85d540abd 0000000000000000
0x000000001a0ef328:   00007ff82af376c7 00000000268593c0
0x000000001a0ef338:   0000000000000000 0000000026856910
0x000000001a0ef348:   00007ff82af36a33 fffffffffffffffe
0x000000001a0ef358:   000000001a0ef3c0 0000000000000000
0x000000001a0ef368:   00007ff82af37f79 000000002efd3690
0x000000001a0ef378:   0000000026859900 0000000018e45500
0x000000001a0ef388:   00007ff82afa6e30 fffffffffffffffe
0x000000001a0ef398:   0000000026859600 0000000000000001
0x000000001a0ef3a8:   0000000026856908 00000000268567e0
0x000000001a0ef3b8:   00007ff82afaef4d 00007ff82b0dc800
0x000000001a0ef3c8:   00007ff82b015400 0000000018e45500
0x000000001a0ef3d8:   00007ff823d4c7c0 0000000026856908
0x000000001a0ef3e8:   00000000268567e0 00000000268567e0 

Instructions: (pc=0x00007ff82a6a2224)
0x00007ff82a6a2204:   cc cc cc cc cc cc 66 0f 1f 44 00 00 8b 05 f2 7d
0x00007ff82a6a2214:   01 00 83 f8 40 73 0f 65 48 8b 04 c5 80 14 00 00
0x00007ff82a6a2224:   ff a0 38 0a 00 00 b8 47 01 00 00 e9 ec d4 ff ff
0x00007ff82a6a2234:   cc cc cc cc cc cc 66 0f 1f 44 00 00 8b 05 c2 7d 


Register to memory mapping:

RAX=0x0000000000000000 is an unknown value
RBX=0x000000002efd0130 is an unknown value
RCX=0x0000000000000001 is an unknown value
RDX=0x000000002efd0138 is an unknown value
RSP=0x000000001a0ef2f8 is an unknown value
RBP=0x0000000000000000 is an unknown value
RSI=0x000000002efd3690 is an unknown value
RDI=0x000000002efd3690 is an unknown value
R8 =0x000000001a0ef378 is an unknown value
R9 =0x0000000018e45500 is an unknown value
R10=0x0000000000000000 is an unknown value
R11=0x0000000000000246 is an unknown value
R12=0x0000000000000000 is an unknown value
R13=0x0000000026856928 is an unknown value
R14=0x00000000268567e0 is an unknown value
R15=0x0000000000000000 is an unknown value


Stack: [0x0000000019ff0000,0x000000001a0f0000],  sp=0x000000001a0ef2f8,  free space=1020k
Native frames: (J=compiled Java code, j=interpreted, Vv=VM code, C=native code)

VM_Operation (0x000000000220f170): Exit, mode: safepoint, requested by thread 0x0000000002210800


---------------  P R O C E S S  ---------------

Java Threads: ( => current thread )
  0x000000001ac2b000 JavaThread "Java2D Disposer" daemon [_thread_blocked, id=10948, stack(0x0000000025b90000,0x0000000025c90000)]
  0x000000001a8f8800 JavaThread "Service Thread" daemon [_thread_blocked, id=9516, stack(0x000000001acd0000,0x000000001add0000)]
  0x0000000018f73000 JavaThread "C1 CompilerThread2" daemon [_thread_blocked, id=10888, stack(0x000000001a7d0000,0x000000001a8d0000)]
  0x0000000018f70000 JavaThread "C2 CompilerThread1" daemon [_thread_blocked, id=7444, stack(0x000000001a6d0000,0x000000001a7d0000)]
  0x0000000018f6d000 JavaThread "C2 CompilerThread0" daemon [_thread_blocked, id=4184, stack(0x000000001a5d0000,0x000000001a6d0000)]
  0x0000000018f6b000 JavaThread "Attach Listener" daemon [_thread_blocked, id=9944, stack(0x000000001a4d0000,0x000000001a5d0000)]
  0x0000000018f69800 JavaThread "Signal Dispatcher" daemon [_thread_blocked, id=9496, stack(0x000000001a3d0000,0x000000001a4d0000)]
  0x0000000018f5a000 JavaThread "Finalizer" daemon [_thread_blocked, id=9724, stack(0x000000001a1f0000,0x000000001a2f0000)]
  0x00000000022ff000 JavaThread "Reference Handler" daemon [_thread_blocked, id=4008, stack(0x000000001a0f0000,0x000000001a1f0000)]
  0x0000000002210800 JavaThread "main" [_thread_blocked, id=3328, stack(0x0000000002110000,0x0000000002210000)]

Other Threads:
=>0x0000000018f37000 VMThread [stack: 0x0000000019ff0000,0x000000001a0f0000] [id=9948]

VM state:at safepoint (shutting down)

VM Mutex/Monitor currently owned by a thread:  ([mutex/lock_event])
[0x00000000001db7e0] Threads_lock - owner thread: 0x0000000018f37000

Heap:
 PSYoungGen      total 54784K, used 39092K [0x0000000782f00000, 0x0000000786c00000, 0x00000007c0000000)
  eden space 47104K, 66% used [0x0000000782f00000,0x0000000784db2720,0x0000000785d00000)
  from space 7680K, 99% used [0x0000000785d00000,0x000000078647ab08,0x0000000786480000)
  to   space 7680K, 0% used [0x0000000786480000,0x0000000786480000,0x0000000786c00000)
 ParOldGen       total 125952K, used 21736K [0x0000000708c00000, 0x0000000710700000, 0x0000000782f00000)
  object space 125952K, 17% used [0x0000000708c00000,0x000000070a13a2d8,0x0000000710700000)
 Metaspace       used 9315K, capacity 9509K, committed 9856K, reserved 1058816K
  class space    used 958K, capacity 1049K, committed 1152K, reserved 1048576K

Card table byte_map: [0x00000000116d0000,0x0000000011c90000] byte_map_base: 0x000000000de8a000

Marking Bits: (ParMarkBitMap*) 0x0000000057482f70
 Begin Bits: [0x0000000012470000, 0x0000000015240000)
 End Bits:   [0x0000000015240000, 0x0000000018010000)

Polling page: 0x0000000000920000

CodeCache: size=245760Kb used=4616Kb max_used=4616Kb free=241143Kb
 bounds [0x0000000002310000, 0x00000000027a0000, 0x0000000011310000]
 total_blobs=1632 nmethods=1106 adapters=440
 compilation: enabled

Compilation events (10 events):
Event: 95.029 Thread 0x0000000018f73000 1102   !   3       org.lwjgl.input.Mouse::getEventButton (17 bytes)
Event: 95.030 Thread 0x0000000018f73000 nmethod 1102 0x0000000002774250 code [0x00000000027743c0, 0x0000000002774630]
Event: 95.080 Thread 0x0000000018f73000 1103   !   3       org.lwjgl.input.Mouse::getEventDWheel (17 bytes)
Event: 95.081 Thread 0x0000000018f73000 nmethod 1103 0x0000000002792b90 code [0x0000000002792d00, 0x0000000002792f70]
Event: 95.354 Thread 0x0000000018f73000 1104       3       org.newdawn.slick.Input::anyMouseDown (24 bytes)
Event: 95.354 Thread 0x0000000018f73000 nmethod 1104 0x00000000027926d0 code [0x0000000002792840, 0x0000000002792ac8]
Event: 95.525 Thread 0x0000000018f73000 1105       3       org.lwjgl.opengl.WindowsMouse::handleMouseMoved (100 bytes)
Event: 95.525 Thread 0x0000000018f73000 nmethod 1105 0x0000000002792190 code [0x0000000002792300, 0x00000000027925f8]
Event: 95.915 Thread 0x0000000018f73000 1106       3       java.io.FilterInputStream::<init> (10 bytes)
Event: 95.915 Thread 0x0000000018f73000 nmethod 1106 0x0000000002791cd0 code [0x0000000002791e40, 0x0000000002792090]

GC Heap History (2 events):
Event: 3.744 GC heap before
{Heap before GC invocations=1 (full 0):
 PSYoungGen      total 54784K, used 47104K [0x0000000782f00000, 0x0000000786c00000, 0x00000007c0000000)
  eden space 47104K, 100% used [0x0000000782f00000,0x0000000785d00000,0x0000000785d00000)
  from space 7680K, 0% used [0x0000000786480000,0x0000000786480000,0x0000000786c00000)
  to   space 7680K, 0% used [0x0000000785d00000,0x0000000785d00000,0x0000000786480000)
 ParOldGen       total 125952K, used 0K [0x0000000708c00000, 0x0000000710700000, 0x0000000782f00000)
  object space 125952K, 0% used [0x0000000708c00000,0x0000000708c00000,0x0000000710700000)
 Metaspace       used 8898K, capacity 9029K, committed 9216K, reserved 1056768K
  class space    used 941K, capacity 1017K, committed 1024K, reserved 1048576K
Event: 3.765 GC heap after
Heap after GC invocations=1 (full 0):
 PSYoungGen      total 54784K, used 7658K [0x0000000782f00000, 0x0000000786c00000, 0x00000007c0000000)
  eden space 47104K, 0% used [0x0000000782f00000,0x0000000782f00000,0x0000000785d00000)
  from space 7680K, 99% used [0x0000000785d00000,0x000000078647ab08,0x0000000786480000)
  to   space 7680K, 0% used [0x0000000786480000,0x0000000786480000,0x0000000786c00000)
 ParOldGen       total 125952K, used 21736K [0x0000000708c00000, 0x0000000710700000, 0x0000000782f00000)
  object space 125952K, 17% used [0x0000000708c00000,0x000000070a13a2d8,0x0000000710700000)
 Metaspace       used 8898K, capacity 9029K, committed 9216K, reserved 1056768K
  class space    used 941K, capacity 1017K, committed 1024K, reserved 1048576K
}

Deoptimization events (10 events):
Event: 33.441 Thread 0x0000000002210800 Uncommon trap: reason=unstable_if action=reinterpret pc=0x0000000002703758 method=game.functions.setCollision(Lorg/newdawn/slick/Input;IIIIILjava/lang/String;)V @ 35
Event: 47.303 Thread 0x0000000002210800 Uncommon trap: reason=unstable_if action=reinterpret pc=0x000000000274b4c8 method=game.functions.setCollision(Lorg/newdawn/slick/Input;IIIIILjava/lang/String;)V @ 331
Event: 49.715 Thread 0x0000000002210800 Uncommon trap: reason=unstable_if action=reinterpret pc=0x00000000027429ac method=sun.misc.FloatingDecimal$BinaryToASCIIBuffer.dtoa(IJIZ)V @ 1480
Event: 52.995 Thread 0x0000000002210800 Uncommon trap: reason=unstable_if action=reinterpret pc=0x000000000275a3cc method=game.functions.movement(ILorg/newdawn/slick/Input;)V @ 197
Event: 61.132 Thread 0x0000000002210800 Uncommon trap: reason=unstable_if action=reinterpret pc=0x000000000276c490 method=game.functions.setCollision(Lorg/newdawn/slick/Input;IIIIILjava/lang/String;)V @ 16
Event: 72.591 Thread 0x0000000002210800 Uncommon trap: reason=unstable_if action=reinterpret pc=0x0000000002775760 method=game.functions.movement(ILorg/newdawn/slick/Input;)V @ 254
Event: 83.230 Thread 0x0000000002210800 Uncommon trap: reason=unstable_if action=reinterpret pc=0x0000000002768734 method=sun.misc.FloatingDecimal$BinaryToASCIIBuffer.dtoa(IJIZ)V @ 97
Event: 90.647 Thread 0x0000000002210800 Uncommon trap: reason=unstable_if action=reinterpret pc=0x0000000002783e28 method=game.functions.movement(ILorg/newdawn/slick/Input;)V @ 525
Event: 91.268 Thread 0x0000000002210800 Uncommon trap: reason=unstable_if action=reinterpret pc=0x000000000277ec60 method=sun.misc.FloatingDecimal$BinaryToASCIIBuffer.dtoa(IJIZ)V @ 393
Event: 95.893 Thread 0x0000000002210800 Uncommon trap: reason=unstable_if action=reinterpret pc=0x000000000270916c method=org.newdawn.slick.AppGameContainer.gameLoop()V @ 60

Internal exceptions (10 events):
Event: 0.259 Thread 0x0000000002210800 Exception <a 'java/security/PrivilegedActionException'> (0x00000007831bd6b8) thrown at [C:\re\workspace\8-2-build-windows-amd64-cygwin\jdk8u91\7017\hotspot\src\share\vm\prims\jvm.cpp, line 1386]
Event: 0.260 Thread 0x0000000002210800 Exception <a 'java/security/PrivilegedActionException'> (0x00000007831c1260) thrown at [C:\re\workspace\8-2-build-windows-amd64-cygwin\jdk8u91\7017\hotspot\src\share\vm\prims\jvm.cpp, line 1386]
Event: 0.260 Thread 0x0000000002210800 Exception <a 'java/security/PrivilegedActionException'> (0x00000007831c1470) thrown at [C:\re\workspace\8-2-build-windows-amd64-cygwin\jdk8u91\7017\hotspot\src\share\vm\prims\jvm.cpp, line 1386]
Event: 0.891 Thread 0x0000000002210800 Exception <a 'java/lang/NoClassDefFoundError': net/java/games/input/ControllerEnvironment> (0x00000007835bfee0) thrown at [C:\re\workspace\8-2-build-windows-amd64-cygwin\jdk8u91\7017\hotspot\src\share\vm\classfile\systemDictionary.cpp, line 199]
Event: 0.977 Thread 0x0000000002210800 Exception <a 'java/io/FileNotFoundException'> (0x00000007835c9de8) thrown at [C:\re\workspace\8-2-build-windows-amd64-cygwin\jdk8u91\7017\hotspot\src\share\vm\prims\jni.cpp, line 709]
Event: 1.050 Thread 0x0000000002210800 Exception <a 'java/lang/NoSuchFieldError': method resolution failed> (0x00000007836973b0) thrown at [C:\re\workspace\8-2-build-windows-amd64-cygwin\jdk8u91\7017\hotspot\src\share\vm\prims\methodHandles.cpp, line 1146]
Event: 1.053 Thread 0x0000000002210800 Exception <a 'java/lang/NoSuchFieldError': method resolution failed> (0x00000007836a4aa0) thrown at [C:\re\workspace\8-2-build-windows-amd64-cygwin\jdk8u91\7017\hotspot\src\share\vm\prims\methodHandles.cpp, line 1146]
Event: 3.139 Thread 0x0000000002210800 Exception <a 'java/io/FileNotFoundException'> (0x0000000783cf9070) thrown at [C:\re\workspace\8-2-build-windows-amd64-cygwin\jdk8u91\7017\hotspot\src\share\vm\prims\jni.cpp, line 709]
Event: 3.772 Thread 0x0000000002210800 Implicit null exception at 0x00000000025bd746 to 0x00000000025bdc99
Event: 3.772 Thread 0x0000000002210800 Implicit null exception at 0x0000000002598d8b to 0x0000000002598f89

Events (10 events):
Event: 95.981 loading class java/util/IdentityHashMap$IdentityHashMapIterator
Event: 95.995 loading class java/util/IdentityHashMap$IdentityHashMapIterator done
Event: 95.995 loading class java/util/IdentityHashMap$KeyIterator done
Event: 95.995 Thread 0x000000002556e000 Thread added: 0x000000002556e000
Event: 95.996 loading class java/util/WeakHashMap$KeyIterator
Event: 95.997 loading class java/util/WeakHashMap$HashIterator
Event: 95.997 loading class java/util/WeakHashMap$HashIterator done
Event: 95.997 loading class java/util/WeakHashMap$KeyIterator done
Event: 95.997 Thread 0x000000002556e000 Thread exited: 0x000000002556e000
Event: 95.997 Executing VM operation: Exit


Dynamic libraries:
0x00007ff75e090000 - 0x00007ff75e0c7000 	C:\Program Files\Java\jre1.8.0_91\bin\javaw.exe
0x00007ff85d520000 - 0x00007ff85d6e1000 	C:\WINDOWS\SYSTEM32\ntdll.dll
0x00007ff85bc50000 - 0x00007ff85bcfd000 	C:\WINDOWS\system32\KERNEL32.DLL
0x00007ff85a5c0000 - 0x00007ff85a7a8000 	C:\WINDOWS\system32\KERNELBASE.dll
0x00007ff85bd70000 - 0x00007ff85be17000 	C:\WINDOWS\system32\ADVAPI32.dll
0x00007ff85b340000 - 0x00007ff85b3dd000 	C:\WINDOWS\system32\msvcrt.dll
0x00007ff85d460000 - 0x00007ff85d4bb000 	C:\WINDOWS\system32\sechost.dll
0x00007ff85b110000 - 0x00007ff85b22c000 	C:\WINDOWS\system32\RPCRT4.dll
0x00007ff85aad0000 - 0x00007ff85ac26000 	C:\WINDOWS\system32\USER32.dll
0x00007ff85b3e0000 - 0x00007ff85b566000 	C:\WINDOWS\system32\GDI32.dll
0x00007ff8523e0000 - 0x00007ff852654000 	C:\WINDOWS\WinSxS\amd64_microsoft.windows.common-controls_6595b64144ccf1df_6.0.10586.0_none_8c15ae12515e1c22\COMCTL32.dll
0x00007ff85ac30000 - 0x00007ff85aead000 	C:\WINDOWS\system32\combase.dll
0x00007ff859bd0000 - 0x00007ff859c3a000 	C:\WINDOWS\system32\bcryptPrimitives.dll
0x00007ff85bec0000 - 0x00007ff85befb000 	C:\WINDOWS\system32\IMM32.DLL
0x0000000056ac0000 - 0x0000000056b92000 	C:\Program Files\Java\jre1.8.0_91\bin\msvcr100.dll
0x0000000056c70000 - 0x0000000057503000 	C:\Program Files\Java\jre1.8.0_91\bin\server\jvm.dll
0x00007ff85beb0000 - 0x00007ff85beb8000 	C:\WINDOWS\system32\PSAPI.DLL
0x00007ff84ed60000 - 0x00007ff84ed69000 	C:\WINDOWS\SYSTEM32\WSOCK32.dll
0x00007ff857d90000 - 0x00007ff857db3000 	C:\WINDOWS\SYSTEM32\WINMM.dll
0x00007ff85bd00000 - 0x00007ff85bd6b000 	C:\WINDOWS\system32\WS2_32.dll
0x00007ff856700000 - 0x00007ff85670a000 	C:\WINDOWS\SYSTEM32\VERSION.dll
0x00000000020e0000 - 0x000000000210c000 	C:\WINDOWS\SYSTEM32\WINMMBASE.dll
0x00007ff859cc0000 - 0x00007ff859d03000 	C:\WINDOWS\system32\cfgmgr32.dll
0x0000000056c60000 - 0x0000000056c6f000 	C:\Program Files\Java\jre1.8.0_91\bin\verify.dll
0x0000000056c30000 - 0x0000000056c59000 	C:\Program Files\Java\jre1.8.0_91\bin\java.dll
0x0000000056c10000 - 0x0000000056c26000 	C:\Program Files\Java\jre1.8.0_91\bin\zip.dll
0x00007ff85bf00000 - 0x00007ff85d45c000 	C:\WINDOWS\system32\SHELL32.dll
0x00007ff859f70000 - 0x00007ff85a5b4000 	C:\WINDOWS\system32\windows.storage.dll
0x00007ff85d4c0000 - 0x00007ff85d512000 	C:\WINDOWS\system32\shlwapi.dll
0x00007ff859bc0000 - 0x00007ff859bcf000 	C:\WINDOWS\system32\kernel.appcore.dll
0x00007ff85a860000 - 0x00007ff85a915000 	C:\WINDOWS\system32\shcore.dll
0x00007ff859b40000 - 0x00007ff859b8b000 	C:\WINDOWS\system32\powrprof.dll
0x00007ff859b90000 - 0x00007ff859ba4000 	C:\WINDOWS\system32\profapi.dll
0x0000000180000000 - 0x0000000180053000 	C:\Users\Kush Shah\Documents\big-boys-master\lib\natives\windows\lwjgl64.dll
0x00007ff82a5c0000 - 0x00007ff82a6e9000 	C:\WINDOWS\SYSTEM32\OPENGL32.dll
0x00007ff82d720000 - 0x00007ff82d74e000 	C:\WINDOWS\SYSTEM32\GLU32.dll
0x00007ff832940000 - 0x00007ff832a3a000 	C:\WINDOWS\SYSTEM32\DDRAW.dll
0x00007ff854a60000 - 0x00007ff854a68000 	C:\WINDOWS\SYSTEM32\DCIMAN32.dll
0x00007ff8584c0000 - 0x00007ff858556000 	C:\WINDOWS\system32\uxtheme.dll
0x00007ff85baf0000 - 0x00007ff85bc4a000 	C:\WINDOWS\system32\MSCTF.dll
0x00007ff8486d0000 - 0x00007ff8486fb000 	C:\PROGRA~2\RAPTRI~1\Raptr\ltc_help64-112298.dll
0x00007ff859c40000 - 0x00007ff859c95000 	C:\WINDOWS\system32\WINTRUST.dll
0x00007ff859bb0000 - 0x00007ff859bc0000 	C:\WINDOWS\system32\MSASN1.dll
0x00007ff859d10000 - 0x00007ff859ed8000 	C:\WINDOWS\system32\CRYPT32.dll
0x00007ff848d10000 - 0x00007ff848d3b000 	C:\PROGRA~2\RAPTRI~1\PlaysTV\ltc_help64-112681.dll
0x00007ff857ad0000 - 0x00007ff857af2000 	C:\WINDOWS\system32\dwmapi.dll
0x00007ff836f90000 - 0x00007ff836fa8000 	C:\WINDOWS\SYSTEM32\atig6pxx.dll
0x00007ff833790000 - 0x00007ff8338d8000 	C:\WINDOWS\SYSTEM32\atiadlxx.dll
0x00007ff85b570000 - 0x00007ff85b6b3000 	C:\WINDOWS\system32\ole32.dll
0x00007ff85b6c0000 - 0x00007ff85bae9000 	C:\WINDOWS\system32\SETUPAPI.dll
0x00007ff857b40000 - 0x00007ff857cc6000 	C:\WINDOWS\SYSTEM32\PROPSYS.dll
0x00007ff8592a0000 - 0x00007ff8592bf000 	C:\WINDOWS\SYSTEM32\USERENV.dll
0x00007ff857b20000 - 0x00007ff857b33000 	C:\WINDOWS\SYSTEM32\WTSAPI32.dll
0x00007ff85af60000 - 0x00007ff85b021000 	C:\WINDOWS\system32\OLEAUT32.dll
0x00007ff8518f0000 - 0x00007ff851928000 	C:\WINDOWS\SYSTEM32\IPHLPAPI.DLL
0x00007ff858560000 - 0x00007ff858587000 	C:\WINDOWS\SYSTEM32\DEVOBJ.dll
0x0000000054c20000 - 0x0000000056ab7000 	C:\WINDOWS\SYSTEM32\atio6axx.dll
0x00007ff82d130000 - 0x00007ff82d15c000 	C:\WINDOWS\SYSTEM32\atig6txx.dll
0x00007ff82bcc0000 - 0x00007ff82bd51000 	C:\WINDOWS\SYSTEM32\mscms.dll
0x00007ff82d0e0000 - 0x00007ff82d122000 	C:\WINDOWS\SYSTEM32\icm32.dll
0x0000000054a80000 - 0x0000000054c18000 	C:\Program Files\Java\jre1.8.0_91\bin\awt.dll
0x00007ff858330000 - 0x00007ff8583a9000 	C:\WINDOWS\system32\apphelp.dll
0x00007ff8594c0000 - 0x00007ff8594d7000 	C:\WINDOWS\SYSTEM32\CRYPTSP.dll
0x00007ff859150000 - 0x00007ff859184000 	C:\WINDOWS\system32\rsaenh.dll
0x00007ff859a70000 - 0x00007ff859a99000 	C:\WINDOWS\SYSTEM32\bcrypt.dll
0x00007ff8595e0000 - 0x00007ff8595eb000 	C:\WINDOWS\SYSTEM32\CRYPTBASE.dll
0x0000000056bf0000 - 0x0000000056c0a000 	C:\Program Files\Java\jre1.8.0_91\bin\net.dll
0x00007ff859410000 - 0x00007ff85946c000 	C:\WINDOWS\system32\mswsock.dll
0x00007ff85b030000 - 0x00007ff85b038000 	C:\WINDOWS\system32\NSI.dll
0x00007ff850e80000 - 0x00007ff850e96000 	C:\WINDOWS\SYSTEM32\dhcpcsvc6.DLL
0x00007ff851210000 - 0x00007ff85122a000 	C:\WINDOWS\SYSTEM32\dhcpcsvc.DLL
0x0000000056bd0000 - 0x0000000056be1000 	C:\Program Files\Java\jre1.8.0_91\bin\nio.dll
0x0000000054a40000 - 0x0000000054a71000 	C:\Program Files\Java\jre1.8.0_91\bin\jpeg.dll
0x0000000054a00000 - 0x0000000054a3c000 	C:\Program Files\Java\jre1.8.0_91\bin\lcms.dll
0x00007ff85be20000 - 0x00007ff85be3c000 	C:\WINDOWS\system32\imagehlp.dll
0x00007ff858b40000 - 0x00007ff858b64000 	C:\WINDOWS\SYSTEM32\gpapi.dll
0x00007ff847e90000 - 0x00007ff847ebf000 	C:\Windows\System32\cryptnet.dll
0x00007ff8513a0000 - 0x00007ff8513ab000 	C:\WINDOWS\SYSTEM32\WINNSI.DLL
0x00007ff82aed0000 - 0x00007ff82b0f8000 	C:\PROGRA~2\RAPTRI~1\PlaysTV\ltc_game64-112681.dll
0x00007ff823d00000 - 0x00007ff823f2b000 	C:\PROGRA~2\RAPTRI~1\Raptr\ltc_game64-112298.dll
0x00007ff847530000 - 0x00007ff8476bc000 	C:\WINDOWS\SYSTEM32\dbghelp.dll

VM Arguments:
jvm_args: -Djava.library.path=C:\Users\Kush Shah\Documents\big-boys-master\lib\natives\windows -Dfile.encoding=Cp1252 
java_command: game.Game
java_class_path (initial): C:\Users\Kush Shah\Documents\big-boys-master\bin;C:\Users\Kush Shah\Documents\big-boys-master\lib\jars\lwjgl.jar;C:\Users\Kush Shah\Documents\big-boys-master\lib\jars\slick.jar
Launcher Type: SUN_STANDARD

Environment Variables:
PATH=C:/Program Files/Java/jre1.8.0_91/bin/server;C:/Program Files/Java/jre1.8.0_91/bin;C:/Program Files/Java/jre1.8.0_91/lib/amd64;C:\ProgramData\Oracle\Java\javapath;C:\WINDOWS\system32;C:\WINDOWS;C:\WINDOWS\System32\Wbem;C:\WINDOWS\System32\WindowsPowerShell\v1.0\;c:\Program Files (x86)\ATI Technologies\ATI.ACE\Core-Static;c:\Program Files (x86)\AMD\ATI.ACE\Core-Static;C:\Program Files (x86)\Skype\Phone\;C:\Users\Kush Shah\Downloads\eclipse-java-mars-2-win32-x86_64\eclipse;
USERNAME=Kush Shah
OS=Windows_NT
PROCESSOR_IDENTIFIER=AMD64 Family 21 Model 96 Stepping 1, AuthenticAMD



---------------  S Y S T E M  ---------------

OS: Windows 10.0 , 64 bit Build 10586 (10.0.10586.0)

CPU:total 4 (4 cores per cpu, 1 threads per core) family 21 model 96 stepping 1, cmov, cx8, fxsr, mmx, sse, sse2, sse3, ssse3, sse4.1, sse4.2, popcnt, avx, avx2, aes, clmul, mmxext, 3dnowpref, lzcnt, sse4a, tsc, tscinvbit, tscinv, bmi1

Memory: 4k page, physical 12005864k(6389312k free), swap 13840872k(4886304k free)

vm_info: Java HotSpot(TM) 64-Bit Server VM (25.91-b15) for windows-amd64 JRE (1.8.0_91-b15), built on May 20 2016 17:43:15 by "java_re" with MS VC++ 10.0 (VS2010)

time: Sun May 29 18:15:22 2016
elapsed time: 96 seconds (0d 0h 1m 36s)

